<?xml version="1.0" encoding="UTF-8"?>
<!-- Generated by org.testng.reporters.JUnitReportReporter -->
<testsuite hostname="RJ" failures="0" tests="2" name="Test.LoginPageTest" time="9.398" errors="0" timestamp="2022-06-21T22:50:44 IST" skipped="0">
  <testcase classname="Test.LoginPageTest" name="LoginWithvalidCredentialsTest" time="6.773"/>
  <system-out/>
  <testcase classname="Test.LoginPageTest" name="LoginWithvalidCredentialsTest" time="2.625"/>
  <system-out/>
</testsuite> <!-- Test.LoginPageTest -->
